<?xml version="1.0" encoding="UTF-8"?>
<!-- Generated by org.testng.reporters.JUnitXMLReporter -->
<testsuite hostname="dhirendra349101" ignored="0" name="Test" tests="1" failures="1" timestamp="11 Aug 2018 05:22:09 GMT" time="1.521" errors="0">
  <testcase name="AddPatchData" time="1.251" classname="API_Framework.API_Framework.Test2">
    <failure type="java.lang.AssertionError" message="expected [200] but found [201]">
      <![CDATA[java.lang.AssertionError: expected [200] but found [201]
	at API_Framework.API_Framework.Test2.AddPatchData(Test2.java:30)
... Removed 31 stack frames]]>
    </failure>
  </testcase> <!-- AddPatchData -->
</testsuite> <!-- Test -->
